<?xml version="1.0" encoding="UTF-8"?>
<robot generator="Robot 6.1.1 (Python 3.12.1 on win32)" generated="20240111 11:23:38.305" rpa="false" schemaversion="4">
<suite id="s1" name="Robot-Discover-main" source="C:\Users\natan\OneDrive\Documentos\Robot-Discover-main">
<suite id="s1-s1" name="Tests" source="C:\Users\natan\OneDrive\Documentos\Robot-Discover-main\tests">
<suite id="s1-s1-s1" name="Cadastro" source="C:\Users\natan\OneDrive\Documentos\Robot-Discover-main\tests\cadastro.robot">
<test id="s1-s1-s1-t1" name="Deve cadastrar um novo dog walker" line="12">
<kw name="Set Variable" library="BuiltIn">
<var>${name}</var>
<arg>Natanael</arg>
<doc>Returns the given values which can then be assigned to a variables.</doc>
<msg timestamp="20240111 11:23:39.397" level="INFO">${name} = Natanael</msg>
<status status="PASS" starttime="20240111 11:23:39.397" endtime="20240111 11:23:39.397"/>
</kw>
<kw name="Set Variable" library="BuiltIn">
<var>${email}</var>
<arg>ngsneto@gmail.com</arg>
<doc>Returns the given values which can then be assigned to a variables.</doc>
<msg timestamp="20240111 11:23:39.397" level="INFO">${email} = ngsneto@gmail.com</msg>
<status status="PASS" starttime="20240111 11:23:39.397" endtime="20240111 11:23:39.397"/>
</kw>
<kw name="Set Variable" library="BuiltIn">
<var>${cpf}</var>
<arg>07687465455</arg>
<doc>Returns the given values which can then be assigned to a variables.</doc>
<msg timestamp="20240111 11:23:39.397" level="INFO">${cpf} = 07687465455</msg>
<status status="PASS" starttime="20240111 11:23:39.397" endtime="20240111 11:23:39.397"/>
</kw>
<kw name="Set Variable" library="BuiltIn">
<var>${cep}</var>
<arg>58070400</arg>
<doc>Returns the given values which can then be assigned to a variables.</doc>
<msg timestamp="20240111 11:23:39.397" level="INFO">${cep} = 58070400</msg>
<status status="PASS" starttime="20240111 11:23:39.397" endtime="20240111 11:23:39.397"/>
</kw>
<kw name="Set Variable" library="BuiltIn">
<var>${adressNumber}</var>
<arg>120</arg>
<doc>Returns the given values which can then be assigned to a variables.</doc>
<msg timestamp="20240111 11:23:39.397" level="INFO">${adressNumber} = 120</msg>
<status status="PASS" starttime="20240111 11:23:39.397" endtime="20240111 11:23:39.397"/>
</kw>
<kw name="Set Variable" library="BuiltIn">
<var>${addressDetails}</var>
<arg>apto105</arg>
<doc>Returns the given values which can then be assigned to a variables.</doc>
<msg timestamp="20240111 11:23:39.397" level="INFO">${addressDetails} = apto105</msg>
<status status="PASS" starttime="20240111 11:23:39.397" endtime="20240111 11:23:39.397"/>
</kw>
<kw name="Set Variable" library="BuiltIn">
<var>${addressStreet}</var>
<arg>Rua Elias Cavalcanti de Albuquerque</arg>
<doc>Returns the given values which can then be assigned to a variables.</doc>
<msg timestamp="20240111 11:23:39.397" level="INFO">${addressStreet} = Rua Elias Cavalcanti de Albuquerque</msg>
<status status="PASS" starttime="20240111 11:23:39.397" endtime="20240111 11:23:39.397"/>
</kw>
<kw name="Set Variable" library="BuiltIn">
<var>${addressDistrict}</var>
<arg>Cristo Redentor</arg>
<doc>Returns the given values which can then be assigned to a variables.</doc>
<msg timestamp="20240111 11:23:39.397" level="INFO">${addressDistrict} = Cristo Redentor</msg>
<status status="PASS" starttime="20240111 11:23:39.397" endtime="20240111 11:23:39.397"/>
</kw>
<kw name="Set Variable" library="BuiltIn">
<var>${addressCityUf}</var>
<arg>João Pessoa/PB</arg>
<doc>Returns the given values which can then be assigned to a variables.</doc>
<msg timestamp="20240111 11:23:39.397" level="INFO">${addressCityUf} = João Pessoa/PB</msg>
<status status="PASS" starttime="20240111 11:23:39.397" endtime="20240111 11:23:39.397"/>
</kw>
<kw name="Set Variable" library="BuiltIn">
<var>${url}</var>
<arg>i.jpg</arg>
<doc>Returns the given values which can then be assigned to a variables.</doc>
<msg timestamp="20240111 11:23:39.397" level="INFO">${url} = i.jpg</msg>
<status status="PASS" starttime="20240111 11:23:39.397" endtime="20240111 11:23:39.397"/>
</kw>
<kw name="New Browser" library="Browser">
<arg>browser=chromium</arg>
<arg>headless=False</arg>
<tag>BrowserControl</tag>
<tag>Setter</tag>
<doc>Create a new playwright Browser with specified options.</doc>
<msg timestamp="20240111 11:23:39.397" level="INFO">{"browser": "chromium", "headless": false, "chromiumSandbox": false, "devtools": false, "handleSIGHUP": true, "handleSIGINT": true, "handleSIGTERM": true, "slowMo": 0.0, "timeout": 30000.0, "tracesDir": "C:\\Users\\natan\\OneDrive\\Documentos\\Robot-Discover-main\\results\\browser\\traces\\9c7f9c77-7eb0-453e-8d18-fd9619f35f62"}</msg>
<msg timestamp="20240111 11:23:40.086" level="INFO">Successfully created browser with options: {"browser":"chromium","headless":false,"chromiumSandbox":false,"devtools":false,"handleSIGHUP":true,"handleSIGINT":true,"handleSIGTERM":true,"slowMo":0,"timeout":30000,"tracesDir":"C:\\Users\\natan\\OneDrive\\Documentos\\Robot-Discover-main\\results\\browser\\traces\\9c7f9c77-7eb0-453e-8d18-fd9619f35f62"}</msg>
<status status="PASS" starttime="20240111 11:23:39.397" endtime="20240111 11:23:40.086"/>
</kw>
<kw name="New Page" library="Browser">
<arg>https://walkdog.vercel.app/signup</arg>
<tag>BrowserControl</tag>
<tag>Setter</tag>
<doc>Open a new Page.</doc>
<msg timestamp="20240111 11:23:43.581" level="INFO">Successfully initialized new page object and opened url: https://walkdog.vercel.app/signup</msg>
<msg timestamp="20240111 11:23:43.581" level="INFO">No context was open. New context was automatically opened when this page is created.</msg>
<status status="PASS" starttime="20240111 11:23:40.098" endtime="20240111 11:23:43.582"/>
</kw>
<kw name="Wait For Elements State" library="Browser">
<arg>form h1</arg>
<arg>visible</arg>
<arg>5000</arg>
<tag>PageContent</tag>
<tag>Wait</tag>
<doc>Waits for the element found by ``selector`` to satisfy state option.</doc>
<msg timestamp="20240111 11:23:43.620" level="INFO">Waited for Element with selector form h1 at state visible</msg>
<status status="PASS" starttime="20240111 11:23:43.583" endtime="20240111 11:23:43.620"/>
</kw>
<kw name="Get Text" library="Browser">
<arg>form h1</arg>
<arg>equal</arg>
<arg>Faça seu cadastro</arg>
<tag>Assertion</tag>
<tag>Getter</tag>
<tag>PageContent</tag>
<doc>Returns text attribute of the element found by ``selector``.</doc>
<msg timestamp="20240111 11:23:43.651" level="INFO">Text: 'Faça seu cadastro'</msg>
<status status="PASS" starttime="20240111 11:23:43.621" endtime="20240111 11:23:43.651"/>
</kw>
<kw name="Fill Text" library="Browser">
<arg>css=input[name=name]</arg>
<arg>${name}</arg>
<tag>PageContent</tag>
<tag>Setter</tag>
<doc>Clears and fills the given ``txt`` into the text field found by ``selector``.</doc>
<msg timestamp="20240111 11:23:43.651" level="INFO">Fills the text 'Natanael' in the given field.</msg>
<status status="PASS" starttime="20240111 11:23:43.651" endtime="20240111 11:23:43.672"/>
</kw>
<kw name="Fill Text" library="Browser">
<arg>css=input[name=email]</arg>
<arg>${email}</arg>
<tag>PageContent</tag>
<tag>Setter</tag>
<doc>Clears and fills the given ``txt`` into the text field found by ``selector``.</doc>
<msg timestamp="20240111 11:23:43.681" level="INFO">Fills the text 'ngsneto@gmail.com' in the given field.</msg>
<status status="PASS" starttime="20240111 11:23:43.681" endtime="20240111 11:23:43.703"/>
</kw>
<kw name="Get Text" library="Browser">
<arg>css=input[name=cpf]</arg>
<tag>Assertion</tag>
<tag>Getter</tag>
<tag>PageContent</tag>
<doc>Returns text attribute of the element found by ``selector``.</doc>
<msg timestamp="20240111 11:23:43.718" level="INFO">Text: ''</msg>
<status status="PASS" starttime="20240111 11:23:43.703" endtime="20240111 11:23:43.718"/>
</kw>
<kw name="Fill Text" library="Browser">
<arg>css=input[name=cpf]</arg>
<arg>${cpf}</arg>
<tag>PageContent</tag>
<tag>Setter</tag>
<doc>Clears and fills the given ``txt`` into the text field found by ``selector``.</doc>
<msg timestamp="20240111 11:23:43.718" level="INFO">Fills the text '07687465455' in the given field.</msg>
<status status="PASS" starttime="20240111 11:23:43.718" endtime="20240111 11:23:43.736"/>
</kw>
<kw name="Take Screenshot" library="Screenshot">
<arg>${EXECDIR}/logs</arg>
<doc>Takes a screenshot in JPEG format and embeds it into the log file.</doc>
<msg timestamp="20240111 11:23:43.802" level="INFO" html="true">&lt;a href="../logs_2.jpg"&gt;&lt;img src="../logs_2.jpg" width="800px"&gt;&lt;/a&gt;</msg>
<status status="PASS" starttime="20240111 11:23:43.736" endtime="20240111 11:23:43.802"/>
</kw>
<kw name="Fill Text" library="Browser">
<arg>css=input[name=cep]</arg>
<arg>${cep}</arg>
<tag>PageContent</tag>
<tag>Setter</tag>
<doc>Clears and fills the given ``txt`` into the text field found by ``selector``.</doc>
<msg timestamp="20240111 11:23:43.802" level="INFO">Fills the text '58070400' in the given field.</msg>
<status status="PASS" starttime="20240111 11:23:43.802" endtime="20240111 11:23:43.821"/>
</kw>
<kw name="Click" library="Browser">
<arg>css=input[type=button][value$=CEP]</arg>
<tag>PageContent</tag>
<tag>Setter</tag>
<doc>Simulates mouse click on the element found by ``selector``.</doc>
<status status="PASS" starttime="20240111 11:23:43.821" endtime="20240111 11:23:43.876"/>
</kw>
<kw name="Get Property" library="Browser">
<arg>css=input[name=addressStreet]</arg>
<arg>value</arg>
<arg>equal</arg>
<arg>${addressStreet}</arg>
<tag>Assertion</tag>
<tag>Getter</tag>
<tag>PageContent</tag>
<doc>Returns the ``property`` of the element found by ``selector``.</doc>
<msg timestamp="20240111 11:23:44.552" level="INFO">Property: 'Rua Elias Cavalcanti de Albuquerque'</msg>
<status status="PASS" starttime="20240111 11:23:43.876" endtime="20240111 11:23:44.552"/>
</kw>
<kw name="Get Property" library="Browser">
<arg>css=input[name=addressDistrict]</arg>
<arg>value</arg>
<arg>equal</arg>
<arg>${addressDistrict}</arg>
<tag>Assertion</tag>
<tag>Getter</tag>
<tag>PageContent</tag>
<doc>Returns the ``property`` of the element found by ``selector``.</doc>
<msg timestamp="20240111 11:23:44.572" level="INFO">Property: 'Cristo Redentor'</msg>
<status status="PASS" starttime="20240111 11:23:44.552" endtime="20240111 11:23:44.572"/>
</kw>
<kw name="Get Property" library="Browser">
<arg>css=input[name=addressCityUf]</arg>
<arg>value</arg>
<arg>equal</arg>
<arg>${addressCityUf}</arg>
<tag>Assertion</tag>
<tag>Getter</tag>
<tag>PageContent</tag>
<doc>Returns the ``property`` of the element found by ``selector``.</doc>
<msg timestamp="20240111 11:23:44.582" level="INFO">Property: 'João Pessoa/PB'</msg>
<status status="PASS" starttime="20240111 11:23:44.572" endtime="20240111 11:23:44.582"/>
</kw>
<kw name="Fill Text" library="Browser">
<arg>css=input[name=addressNumber]</arg>
<arg>${adressNumber}</arg>
<tag>PageContent</tag>
<tag>Setter</tag>
<doc>Clears and fills the given ``txt`` into the text field found by ``selector``.</doc>
<msg timestamp="20240111 11:23:44.583" level="INFO">Fills the text '120' in the given field.</msg>
<status status="PASS" starttime="20240111 11:23:44.583" endtime="20240111 11:23:44.597"/>
</kw>
<kw name="Fill Text" library="Browser">
<arg>css=input[name=addressDetails]</arg>
<arg>${addressDetails}</arg>
<tag>PageContent</tag>
<tag>Setter</tag>
<doc>Clears and fills the given ``txt`` into the text field found by ``selector``.</doc>
<msg timestamp="20240111 11:23:44.598" level="INFO">Fills the text 'apto105' in the given field.</msg>
<status status="PASS" starttime="20240111 11:23:44.597" endtime="20240111 11:23:44.604"/>
</kw>
<kw name="Upload File By Selector" library="Browser">
<arg>css=input[type=file]</arg>
<arg>${EXECDIR}/resources/fixtures/${url}</arg>
<tag>PageContent</tag>
<tag>Setter</tag>
<doc>Uploads file from `path` to file input element matched by selector.</doc>
<status status="PASS" starttime="20240111 11:23:44.604" endtime="20240111 11:23:44.634"/>
</kw>
<kw name="Click" library="Browser">
<arg>css=.button-register</arg>
<tag>PageContent</tag>
<tag>Setter</tag>
<doc>Simulates mouse click on the element found by ``selector``.</doc>
<status status="PASS" starttime="20240111 11:23:44.634" endtime="20240111 11:23:44.670"/>
</kw>
<kw name="Sleep" library="BuiltIn">
<arg>60</arg>
<doc>Pauses the test executed for the given time.</doc>
<msg timestamp="20240111 11:24:44.670" level="INFO">Slept 1 minute</msg>
<status status="PASS" starttime="20240111 11:23:44.670" endtime="20240111 11:24:44.670"/>
</kw>
<kw name="Take Screenshot" library="Screenshot">
<arg>${EXECDIR}/logs</arg>
<doc>Takes a screenshot in JPEG format and embeds it into the log file.</doc>
<msg timestamp="20240111 11:24:44.714" level="INFO" html="true">&lt;a href="../logs_3.jpg"&gt;&lt;img src="../logs_3.jpg" width="800px"&gt;&lt;/a&gt;</msg>
<status status="PASS" starttime="20240111 11:24:44.672" endtime="20240111 11:24:44.714"/>
</kw>
<status status="PASS" starttime="20240111 11:23:39.379" endtime="20240111 11:24:44.714"/>
</test>
<doc>Suite de testes do home page</doc>
<status status="PASS" starttime="20240111 11:23:38.354" endtime="20240111 11:24:44.814"/>
</suite>
<status status="PASS" starttime="20240111 11:23:38.350" endtime="20240111 11:24:44.814"/>
</suite>
<status status="PASS" starttime="20240111 11:23:38.310" endtime="20240111 11:24:44.823"/>
</suite>
<statistics>
<total>
<stat pass="1" fail="0" skip="0">All Tests</stat>
</total>
<tag>
</tag>
<suite>
<stat pass="1" fail="0" skip="0" id="s1" name="Robot-Discover-main">Robot-Discover-main</stat>
<stat pass="1" fail="0" skip="0" id="s1-s1" name="Tests">Robot-Discover-main.Tests</stat>
<stat pass="1" fail="0" skip="0" id="s1-s1-s1" name="Cadastro">Robot-Discover-main.Tests.Cadastro</stat>
</suite>
</statistics>
<errors>
</errors>
</robot>
