<?xml version="1.0" encoding="UTF-8"?>
<robot generator="Robot 6.1.1 (Python 3.12.1 on win32)" generated="20240111 09:54:06.149" rpa="false" schemaversion="4">
<suite id="s1" name="Cadastro" source="C:\Users\natan\OneDrive\Documentos\Robot-Discover-main\tests\cadastro.robot">
<test id="s1-t1" name="Deve cadastrar um novo dog walker" line="12">
<kw name="Set Variable" library="BuiltIn">
<var>${name}</var>
<arg>Natanael</arg>
<doc>Returns the given values which can then be assigned to a variables.</doc>
<msg timestamp="20240111 09:54:07.136" level="INFO">${name} = Natanael</msg>
<status status="PASS" starttime="20240111 09:54:07.136" endtime="20240111 09:54:07.136"/>
</kw>
<kw name="Set Variable" library="BuiltIn">
<var>${email}</var>
<arg>ngsneto@gmail.com</arg>
<doc>Returns the given values which can then be assigned to a variables.</doc>
<msg timestamp="20240111 09:54:07.136" level="INFO">${email} = ngsneto@gmail.com</msg>
<status status="PASS" starttime="20240111 09:54:07.136" endtime="20240111 09:54:07.136"/>
</kw>
<kw name="Set Variable" library="BuiltIn">
<var>${cpf}</var>
<arg>07687465455</arg>
<doc>Returns the given values which can then be assigned to a variables.</doc>
<msg timestamp="20240111 09:54:07.136" level="INFO">${cpf} = 07687465455</msg>
<status status="PASS" starttime="20240111 09:54:07.136" endtime="20240111 09:54:07.136"/>
</kw>
<kw name="Set Variable" library="BuiltIn">
<var>${cep}</var>
<arg>58070400</arg>
<doc>Returns the given values which can then be assigned to a variables.</doc>
<msg timestamp="20240111 09:54:07.136" level="INFO">${cep} = 58070400</msg>
<status status="PASS" starttime="20240111 09:54:07.136" endtime="20240111 09:54:07.136"/>
</kw>
<kw name="Set Variable" library="BuiltIn">
<var>${adressNumber}</var>
<arg>120</arg>
<doc>Returns the given values which can then be assigned to a variables.</doc>
<msg timestamp="20240111 09:54:07.136" level="INFO">${adressNumber} = 120</msg>
<status status="PASS" starttime="20240111 09:54:07.136" endtime="20240111 09:54:07.136"/>
</kw>
<kw name="Set Variable" library="BuiltIn">
<var>${addressDetails}</var>
<arg>apto105</arg>
<doc>Returns the given values which can then be assigned to a variables.</doc>
<msg timestamp="20240111 09:54:07.136" level="INFO">${addressDetails} = apto105</msg>
<status status="PASS" starttime="20240111 09:54:07.136" endtime="20240111 09:54:07.136"/>
</kw>
<kw name="Set Variable" library="BuiltIn">
<var>${addressStreet}</var>
<arg>Rua Elias Cavalcanti de Albuquerque</arg>
<doc>Returns the given values which can then be assigned to a variables.</doc>
<msg timestamp="20240111 09:54:07.136" level="INFO">${addressStreet} = Rua Elias Cavalcanti de Albuquerque</msg>
<status status="PASS" starttime="20240111 09:54:07.136" endtime="20240111 09:54:07.136"/>
</kw>
<kw name="Set Variable" library="BuiltIn">
<var>${addressDistrict}</var>
<arg>Cristo Redentor</arg>
<doc>Returns the given values which can then be assigned to a variables.</doc>
<msg timestamp="20240111 09:54:07.136" level="INFO">${addressDistrict} = Cristo Redentor</msg>
<status status="PASS" starttime="20240111 09:54:07.136" endtime="20240111 09:54:07.136"/>
</kw>
<kw name="Set Variable" library="BuiltIn">
<var>${addressCityUf}</var>
<arg>João Pessoa/PB</arg>
<doc>Returns the given values which can then be assigned to a variables.</doc>
<msg timestamp="20240111 09:54:07.136" level="INFO">${addressCityUf} = João Pessoa/PB</msg>
<status status="PASS" starttime="20240111 09:54:07.136" endtime="20240111 09:54:07.136"/>
</kw>
<kw name="Set Variable" library="BuiltIn">
<var>${url}</var>
<arg>i.jpg</arg>
<doc>Returns the given values which can then be assigned to a variables.</doc>
<msg timestamp="20240111 09:54:07.136" level="INFO">${url} = i.jpg</msg>
<status status="PASS" starttime="20240111 09:54:07.136" endtime="20240111 09:54:07.136"/>
</kw>
<kw name="New Browser" library="Browser">
<arg>browser=firefox</arg>
<arg>headless=False</arg>
<tag>BrowserControl</tag>
<tag>Setter</tag>
<doc>Create a new playwright Browser with specified options.</doc>
<msg timestamp="20240111 09:54:07.136" level="INFO">{"browser": "firefox", "headless": false, "chromiumSandbox": false, "devtools": false, "handleSIGHUP": true, "handleSIGINT": true, "handleSIGTERM": true, "slowMo": 0.0, "timeout": 30000.0, "tracesDir": "C:\\Users\\natan\\OneDrive\\Documentos\\Robot-Discover-main\\tests\\browser\\traces\\9b60bb38-3edf-419e-be6b-0272f97b050b"}</msg>
<msg timestamp="20240111 09:54:07.189" level="INFO">Keyword 'Take Screenshot  fail-screenshot-{index}' could not be run on failure:
Error: Tried to take screenshot, but no page was open.</msg>
<msg timestamp="20240111 09:54:07.189" level="INFO">See also file:///C:/Users/natan/OneDrive/Documentos/Robot-Discover-main/tests/playwright-log.txt for additional details.</msg>
<msg timestamp="20240111 09:54:07.189" level="FAIL">Error: browserType.launch: Executable doesn't exist at C:\Users\natan\AppData\Local\Programs\Python\Python312\Lib\site-packages\Browser\wrapper\node_modules\playwright-core\.local-browsers\firefox-1429\firefox\firefox.exe
╔═════════════════════════════════════════════════════════════════════════╗
║ Looks like Playwright Test or Playwright was just installed or updated. ║
║ Please run the following command to download new browsers:              ║
║                                                                         ║
║     npx playwright install                                              ║
║                                                                         ║
║ &lt;3 Playwright Team                                                      ║
╚═════════════════════════════════════════════════════════════════════════╝</msg>
<status status="FAIL" starttime="20240111 09:54:07.136" endtime="20240111 09:54:07.205"/>
</kw>
<kw name="New Page" library="Browser">
<arg>https://walkdog.vercel.app/signup</arg>
<tag>BrowserControl</tag>
<tag>Setter</tag>
<doc>Open a new Page.</doc>
<status status="NOT RUN" starttime="20240111 09:54:07.205" endtime="20240111 09:54:07.206"/>
</kw>
<kw name="Wait For Elements State" library="Browser">
<arg>form h1</arg>
<arg>visible</arg>
<arg>5000</arg>
<tag>PageContent</tag>
<tag>Wait</tag>
<doc>Waits for the element found by ``selector`` to satisfy state option.</doc>
<status status="NOT RUN" starttime="20240111 09:54:07.206" endtime="20240111 09:54:07.206"/>
</kw>
<kw name="Get Text" library="Browser">
<arg>form h1</arg>
<arg>equal</arg>
<arg>Faça seu cadastro</arg>
<tag>Assertion</tag>
<tag>Getter</tag>
<tag>PageContent</tag>
<doc>Returns text attribute of the element found by ``selector``.</doc>
<status status="NOT RUN" starttime="20240111 09:54:07.206" endtime="20240111 09:54:07.206"/>
</kw>
<kw name="Fill Text" library="Browser">
<arg>css=input[name=name]</arg>
<arg>${name}</arg>
<tag>PageContent</tag>
<tag>Setter</tag>
<doc>Clears and fills the given ``txt`` into the text field found by ``selector``.</doc>
<status status="NOT RUN" starttime="20240111 09:54:07.206" endtime="20240111 09:54:07.206"/>
</kw>
<kw name="Fill Text" library="Browser">
<arg>css=input[name=email]</arg>
<arg>${email}</arg>
<tag>PageContent</tag>
<tag>Setter</tag>
<doc>Clears and fills the given ``txt`` into the text field found by ``selector``.</doc>
<status status="NOT RUN" starttime="20240111 09:54:07.206" endtime="20240111 09:54:07.206"/>
</kw>
<kw name="Get Text" library="Browser">
<arg>css=input[name=cpf]</arg>
<tag>Assertion</tag>
<tag>Getter</tag>
<tag>PageContent</tag>
<doc>Returns text attribute of the element found by ``selector``.</doc>
<status status="NOT RUN" starttime="20240111 09:54:07.206" endtime="20240111 09:54:07.206"/>
</kw>
<kw name="Fill Text" library="Browser">
<arg>css=input[name=cpf]</arg>
<arg>${cpf}</arg>
<tag>PageContent</tag>
<tag>Setter</tag>
<doc>Clears and fills the given ``txt`` into the text field found by ``selector``.</doc>
<status status="NOT RUN" starttime="20240111 09:54:07.206" endtime="20240111 09:54:07.206"/>
</kw>
<kw name="Take Screenshot" library="Screenshot">
<arg>${EXECDIR}/logs</arg>
<doc>Takes a screenshot in JPEG format and embeds it into the log file.</doc>
<status status="NOT RUN" starttime="20240111 09:54:07.206" endtime="20240111 09:54:07.206"/>
</kw>
<kw name="Fill Text" library="Browser">
<arg>css=input[name=cep]</arg>
<arg>${cep}</arg>
<tag>PageContent</tag>
<tag>Setter</tag>
<doc>Clears and fills the given ``txt`` into the text field found by ``selector``.</doc>
<status status="NOT RUN" starttime="20240111 09:54:07.206" endtime="20240111 09:54:07.206"/>
</kw>
<kw name="Click" library="Browser">
<arg>css=input[type=button][value$=CEP]</arg>
<tag>PageContent</tag>
<tag>Setter</tag>
<doc>Simulates mouse click on the element found by ``selector``.</doc>
<status status="NOT RUN" starttime="20240111 09:54:07.206" endtime="20240111 09:54:07.206"/>
</kw>
<kw name="Get Property" library="Browser">
<arg>css=input[name=addressStreet]</arg>
<arg>value</arg>
<arg>equal</arg>
<arg>${addressStreet}</arg>
<tag>Assertion</tag>
<tag>Getter</tag>
<tag>PageContent</tag>
<doc>Returns the ``property`` of the element found by ``selector``.</doc>
<status status="NOT RUN" starttime="20240111 09:54:07.206" endtime="20240111 09:54:07.206"/>
</kw>
<kw name="Get Property" library="Browser">
<arg>css=input[name=addressDistrict]</arg>
<arg>value</arg>
<arg>equal</arg>
<arg>${addressDistrict}</arg>
<tag>Assertion</tag>
<tag>Getter</tag>
<tag>PageContent</tag>
<doc>Returns the ``property`` of the element found by ``selector``.</doc>
<status status="NOT RUN" starttime="20240111 09:54:07.206" endtime="20240111 09:54:07.206"/>
</kw>
<kw name="Get Property" library="Browser">
<arg>css=input[name=addressCityUf]</arg>
<arg>value</arg>
<arg>equal</arg>
<arg>${addressCityUf}</arg>
<tag>Assertion</tag>
<tag>Getter</tag>
<tag>PageContent</tag>
<doc>Returns the ``property`` of the element found by ``selector``.</doc>
<status status="NOT RUN" starttime="20240111 09:54:07.206" endtime="20240111 09:54:07.206"/>
</kw>
<kw name="Fill Text" library="Browser">
<arg>css=input[name=addressNumber]</arg>
<arg>${adressNumber}</arg>
<tag>PageContent</tag>
<tag>Setter</tag>
<doc>Clears and fills the given ``txt`` into the text field found by ``selector``.</doc>
<status status="NOT RUN" starttime="20240111 09:54:07.206" endtime="20240111 09:54:07.206"/>
</kw>
<kw name="Fill Text" library="Browser">
<arg>css=input[name=addressDetails]</arg>
<arg>${addressDetails}</arg>
<tag>PageContent</tag>
<tag>Setter</tag>
<doc>Clears and fills the given ``txt`` into the text field found by ``selector``.</doc>
<status status="NOT RUN" starttime="20240111 09:54:07.206" endtime="20240111 09:54:07.206"/>
</kw>
<kw name="Upload File By Selector" library="Browser">
<arg>css=input[type=file]</arg>
<arg>${EXECDIR}/resources/fixtures/${url}</arg>
<tag>PageContent</tag>
<tag>Setter</tag>
<doc>Uploads file from `path` to file input element matched by selector.</doc>
<status status="NOT RUN" starttime="20240111 09:54:07.206" endtime="20240111 09:54:07.206"/>
</kw>
<kw name="Click" library="Browser">
<arg>css=.button-register</arg>
<tag>PageContent</tag>
<tag>Setter</tag>
<doc>Simulates mouse click on the element found by ``selector``.</doc>
<status status="NOT RUN" starttime="20240111 09:54:07.206" endtime="20240111 09:54:07.206"/>
</kw>
<kw name="Sleep" library="BuiltIn">
<arg>60</arg>
<doc>Pauses the test executed for the given time.</doc>
<status status="NOT RUN" starttime="20240111 09:54:07.206" endtime="20240111 09:54:07.206"/>
</kw>
<kw name="Take Screenshot" library="Screenshot">
<arg>${EXECDIR}/logs</arg>
<doc>Takes a screenshot in JPEG format and embeds it into the log file.</doc>
<status status="NOT RUN" starttime="20240111 09:54:07.206" endtime="20240111 09:54:07.206"/>
</kw>
<status status="FAIL" starttime="20240111 09:54:07.121" endtime="20240111 09:54:07.206">Error: browserType.launch: Executable doesn't exist at C:\Users\natan\AppData\Local\Programs\Python\Python312\Lib\site-packages\Browser\wrapper\node_modules\playwright-core\.local-browsers\firefox-1429\firefox\firefox.exe
╔═════════════════════════════════════════════════════════════════════════╗
║ Looks like Playwright Test or Playwright was just installed or updated. ║
║ Please run the following command to download new browsers:              ║
║                                                                         ║
║     npx playwright install                                              ║
║                                                                         ║
║ &lt;3 Playwright Team                                                      ║
╚═════════════════════════════════════════════════════════════════════════╝</status>
</test>
<doc>Suite de testes do home page</doc>
<status status="FAIL" starttime="20240111 09:54:06.149" endtime="20240111 09:54:07.239"/>
</suite>
<statistics>
<total>
<stat pass="0" fail="1" skip="0">All Tests</stat>
</total>
<tag>
</tag>
<suite>
<stat pass="0" fail="1" skip="0" id="s1" name="Cadastro">Cadastro</stat>
</suite>
</statistics>
<errors>
</errors>
</robot>
